<?xml version="1.0" encoding="UTF-8"?>
<testng-results ignored="0" total="1" passed="1" failed="0" skipped="0">
  <reporter-output>
  </reporter-output>
  <suite started-at="2025-06-29T13:15:36 IST" name="Default suite" finished-at="2025-06-29T13:17:49 IST" duration-ms="132748">
    <groups>
    </groups>
    <test started-at="2025-06-29T13:15:36 IST" name="Default test" finished-at="2025-06-29T13:17:49 IST" duration-ms="132748">
      <class name="com.kiranAcedmy.TC_001_Login_Test">
        <test-method signature="logintest()[pri:0, instance:com.kiranAcedmy.TC_001_Login_Test@2a3b5b47]" started-at="2025-06-29T13:15:36 IST" name="logintest" finished-at="2025-06-29T13:17:49 IST" duration-ms="132679" status="PASS">
          <reporter-output>
          </reporter-output>
        </test-method> <!-- logintest -->
      </class> <!-- com.kiranAcedmy.TC_001_Login_Test -->
    </test> <!-- Default test -->
  </suite> <!-- Default suite -->
</testng-results>
