<?xml version="1.0" encoding="UTF-8"?>
<testng-results ignored="0" total="1" passed="1" failed="0" skipped="0">
  <reporter-output>
  </reporter-output>
  <suite started-at="2025-06-19T23:23:29 IST" name="Default suite" finished-at="2025-06-19T23:23:32 IST" duration-ms="3588">
    <groups>
    </groups>
    <test started-at="2025-06-19T23:23:29 IST" name="Default test" finished-at="2025-06-19T23:23:32 IST" duration-ms="3588">
      <class name="com.swag.TC_001_Login_Test">
        <test-method is-config="true" signature="getConfiguration()[pri:0, instance:com.swag.TC_001_Login_Test@2794eab6]" started-at="2025-06-19T23:23:29 IST" name="getConfiguration" finished-at="2025-06-19T23:23:30 IST" duration-ms="1765" status="PASS">
          <reporter-output>
          </reporter-output>
        </test-method> <!-- getConfiguration -->
        <test-method signature="testLogin()[pri:0, instance:com.swag.TC_001_Login_Test@2794eab6]" started-at="2025-06-19T23:23:30 IST" name="testLogin" finished-at="2025-06-19T23:23:32 IST" duration-ms="1785" status="PASS">
          <reporter-output>
          </reporter-output>
        </test-method> <!-- testLogin -->
        <test-method is-config="true" signature="closeBrowser()[pri:0, instance:com.swag.TC_001_Login_Test@2794eab6]" started-at="2025-06-19T23:23:32 IST" name="closeBrowser" finished-at="2025-06-19T23:23:32 IST" duration-ms="1" status="PASS">
          <reporter-output>
          </reporter-output>
        </test-method> <!-- closeBrowser -->
      </class> <!-- com.swag.TC_001_Login_Test -->
    </test> <!-- Default test -->
  </suite> <!-- Default suite -->
</testng-results>
